0 info it worked if it ends with ok
1 verbose cli [ '/Users/benjamin.forster/.nvm/versions/node/v6.9.5/bin/node',
1 verbose cli   '/Users/benjamin.forster/.nvm/versions/node/v6.9.5/bin/npm',
1 verbose cli   'run',
1 verbose cli   'test' ]
2 info using npm@3.10.10
3 info using node@v6.9.5
4 verbose run-script [ 'pretest', 'test', 'posttest' ]
5 info lifecycle react-router-redux-multi@5.0.0-alpha.8~pretest: react-router-redux-multi@5.0.0-alpha.8
6 silly lifecycle react-router-redux-multi@5.0.0-alpha.8~pretest: no script for pretest, continuing
7 info lifecycle react-router-redux-multi@5.0.0-alpha.8~test: react-router-redux-multi@5.0.0-alpha.8
8 verbose lifecycle react-router-redux-multi@5.0.0-alpha.8~test: unsafe-perm in lifecycle true
9 verbose lifecycle react-router-redux-multi@5.0.0-alpha.8~test: PATH: /Users/benjamin.forster/.nvm/versions/node/v6.9.5/lib/node_modules/npm/bin/node-gyp-bin:/Users/benjamin.forster/Documents/Development/react-router-redux-multi/node_modules/.bin:/Users/benjamin.forster/.nvm/versions/node/v6.9.5/bin:/usr/local/bin:/usr/bin:/bin:/usr/sbin:/sbin
10 verbose lifecycle react-router-redux-multi@5.0.0-alpha.8~test: CWD: /Users/benjamin.forster/Documents/Development/react-router-redux-multi
11 silly lifecycle react-router-redux-multi@5.0.0-alpha.8~test: Args: [ '-c', 'jest' ]
12 silly lifecycle react-router-redux-multi@5.0.0-alpha.8~test: Returned: code: 1  signal: null
13 info lifecycle react-router-redux-multi@5.0.0-alpha.8~test: Failed to exec test script
14 verbose stack Error: react-router-redux-multi@5.0.0-alpha.8 test: `jest`
14 verbose stack Exit status 1
14 verbose stack     at EventEmitter.<anonymous> (/Users/benjamin.forster/.nvm/versions/node/v6.9.5/lib/node_modules/npm/lib/utils/lifecycle.js:255:16)
14 verbose stack     at emitTwo (events.js:106:13)
14 verbose stack     at EventEmitter.emit (events.js:191:7)
14 verbose stack     at ChildProcess.<anonymous> (/Users/benjamin.forster/.nvm/versions/node/v6.9.5/lib/node_modules/npm/lib/utils/spawn.js:40:14)
14 verbose stack     at emitTwo (events.js:106:13)
14 verbose stack     at ChildProcess.emit (events.js:191:7)
14 verbose stack     at maybeClose (internal/child_process.js:877:16)
14 verbose stack     at Process.ChildProcess._handle.onexit (internal/child_process.js:226:5)
15 verbose pkgid react-router-redux-multi@5.0.0-alpha.8
16 verbose cwd /Users/benjamin.forster/Documents/Development/react-router-redux-multi
17 error Darwin 16.7.0
18 error argv "/Users/benjamin.forster/.nvm/versions/node/v6.9.5/bin/node" "/Users/benjamin.forster/.nvm/versions/node/v6.9.5/bin/npm" "run" "test"
19 error node v6.9.5
20 error npm  v3.10.10
21 error code ELIFECYCLE
22 error react-router-redux-multi@5.0.0-alpha.8 test: `jest`
22 error Exit status 1
23 error Failed at the react-router-redux-multi@5.0.0-alpha.8 test script 'jest'.
23 error Make sure you have the latest version of node.js and npm installed.
23 error If you do, this is most likely a problem with the react-router-redux-multi package,
23 error not with npm itself.
23 error Tell the author that this fails on your system:
23 error     jest
23 error You can get information on how to open an issue for this project with:
23 error     npm bugs react-router-redux-multi
23 error Or if that isn't available, you can get their info via:
23 error     npm owner ls react-router-redux-multi
23 error There is likely additional logging output above.
24 verbose exit [ 1, true ]
